=== trading-strategies guides ===
  [1] Account - MenthorQ
  [2] Account - MenthorQ
  [3] Account - MenthorQ
  [4] Account - MenthorQ
  [5] Account - MenthorQ
  [6] Account - MenthorQ
  [7] Account - MenthorQ
  [8] Account - MenthorQ
  [9] Account - MenthorQ
  [10] Account - MenthorQ
  [11] Account - MenthorQ
  [12] Account - MenthorQ
  [13] Account - MenthorQ
  [14] Account - MenthorQ
  [15] Account - MenthorQ
  [16] Account - MenthorQ
  [17] Account - MenthorQ
  [18] Account - MenthorQ
  [19] Account - MenthorQ
  [20] Account - MenthorQ
  [21] Account - MenthorQ
  [22] Account - MenthorQ
  [23] Account - MenthorQ
  [24] Account - MenthorQ
  [25] Account - MenthorQ
  [26] Account - MenthorQ
  [27] Account - MenthorQ
  [28] Account - MenthorQ
  [29] Account - MenthorQ
  [30] Account - MenthorQ
  [31] Account - MenthorQ
  [32] Account - MenthorQ
  [33] Account - MenthorQ
  [34] Account - MenthorQ
  [35] Account - MenthorQ
  [36] Account - MenthorQ
  [37] Account - MenthorQ
  [38] Account - MenthorQ
  [39] Account - MenthorQ
  [40] Account - MenthorQ
  [41] Account - MenthorQ
  [42] Account - MenthorQ
  [43] Account - MenthorQ
  [44] Account - MenthorQ
  [45] Account - MenthorQ
  [46] Account - MenthorQ
  [47] Account - MenthorQ
  [48] Account - MenthorQ
  [49] Account - MenthorQ
  [50] Account - MenthorQ
  [51] Account - MenthorQ
  [52] Account - MenthorQ
  [53] Account - MenthorQ
  [54] Account - MenthorQ
  [55] Account - MenthorQ
  [56] Account - MenthorQ
  [57] Account - MenthorQ
  [58] Account - MenthorQ
  [59] Account - MenthorQ
  [60] Account - MenthorQ
  [61] Account - MenthorQ
  [62] Account - MenthorQ
  [63] Account - MenthorQ
  [64] Account - MenthorQ
  [65] Account - MenthorQ
  [66] Account - MenthorQ
  [67] Account - MenthorQ
  [68] Account - MenthorQ
  [69] Account - MenthorQ
  [70] Account - MenthorQ
  [71] Account - MenthorQ
  [72] Account - MenthorQ
  [73] Account - MenthorQ
  [74] Account - MenthorQ
  [75] Account - MenthorQ
  [76] Account - MenthorQ
  [77] Account - MenthorQ
  [78] Account - MenthorQ
  [79] Account - MenthorQ
  [80] Account - MenthorQ
  [81] Account - MenthorQ
  [82] Account - MenthorQ
  [83] Account - MenthorQ
  [84] Account - MenthorQ
  [85] Account - MenthorQ
  [86] Account - MenthorQ
  [87] Account - MenthorQ
  [88] Account - MenthorQ
  [89] Account - MenthorQ
  [90] Account - MenthorQ
  [91] Account - MenthorQ
  [92] Account - MenthorQ
  [93] Account - MenthorQ
  [94] Account - MenthorQ
  [95] Account - MenthorQ
  [96] Account - MenthorQ
  [97] Account - MenthorQ
  [98] Account - MenthorQ
  [99] Account - MenthorQ
  [100] Account - MenthorQ
  [101] Account - MenthorQ
  [102] Account - MenthorQ
  [103] Account - MenthorQ
  [104] Account - MenthorQ
  [105] Account - MenthorQ
  [106] Account - MenthorQ
  [107] Account - MenthorQ
  [108] Account - MenthorQ
  [109] Account - MenthorQ
  [110] Account - MenthorQ
  [111] Account - MenthorQ
  [112] Account - MenthorQ
  [113] Account - MenthorQ
  [114] Account - MenthorQ
  [115] Account - MenthorQ
  [116] Account - MenthorQ
  [117] Account - MenthorQ
  [118] Account - MenthorQ
  [119] Account - MenthorQ
  [120] Account - MenthorQ
=== financial wiki / knowledge base ===
  [1] MenthorQ | QUIN
  [2] MenthorQ | QUIN
  [3] Courses - MenthorQ
  [4] MenthorQ Onboarding Course - MenthorQ Academy
  [5] Trading Integrations Course - MenthorQ Academy
  [6] Gamma Levels Course - MenthorQ Academy
  [7] QUIN AI - MenthorQ Quant Engine Course - MenthorQ Acade
  [8] MenthorQ: Find the Edge - Guest Series Course - Menthor
  [9] How to use MenthorQ Models Course - MenthorQ Academy
  [10] Swing Trading Model Course - MenthorQ Academy
  [11] Blind Spots Levels Course - MenthorQ Academy
  [12] Trading with MenthorQ Course - MenthorQ Academy
  [13] How to Trade Futures Course - MenthorQ Academy
  [14] How to Trade Options Course - MenthorQ Academy
  [15] How to Trade Stocks Course - MenthorQ Academy
  [16] How to Trade Crude Oil and Gold Course - MenthorQ Acade
  [17] How to Trade Forex Course - MenthorQ Academy
  [18] How to Trade Crypto Course - MenthorQ Academy
  [19] Live Trading Sessions: Futures Trading Course - Menthor
  [20] Live Trading During the 2024 U.S. Presidential Election
  [21] From 0 to Trader Course - MenthorQ Academy
  [22] Technical Analysis Course - MenthorQ Academy
  [23] Technical Indicators and Chart Patterns Course - Mentho
  [24] Trading Strategies using Technical Analysis Course - Me
  [25] How to set up your Trading Plan Course - MenthorQ Acade
  [26] Trading Psychology and Risk Management Course - Menthor
  [27] The Derivatives Market Course - MenthorQ Academy
  [28] Market Makers and Liquidity Course - MenthorQ Academy
  [29] Options Greeks Course - MenthorQ Academy
  [30] Term Structure, SKEW and Tail Risk Course - MenthorQ Ac
  [31] Advanced Strategies with Options Course - MenthorQ Acad
  [32] Systematic Strategies and CTAs Course - MenthorQ Academ
  [33] Weekly Macro Update Course - MenthorQ Academy
  [34] Product Training Course - MenthorQ Academy
  [35] MenthorQ Product Releases Course - MenthorQ Academy
  [36] Account Setup Lesson - MenthorQ Academy
  [37] Trading Dashboard Demo Lesson - MenthorQ Academy
  [38] Trading Integrations Lesson - MenthorQ Academy
  [39] New App Overview Lesson - MenthorQ Academy
  [40] Gamma and Volatility Insight Lesson - MenthorQ Academy
  [41] Create Your Watchlists Lesson - MenthorQ Academy
  [42] Options Models: Matrix, Heatmap and Exposure Lesson - M
  [43] Intraday Summary Lesson - MenthorQ Academy
  [44] Real-Time Chart and Levels Lesson - MenthorQ Academy
  [45] Levels Conversion Indicator Lesson - MenthorQ Academy
  [46] Other Indicators: IV, Q-Score and Skew Lesson - Menthor
  [47] Gamma Levels Backtesting Lesson - MenthorQ Academy
  [48] How to use MenthorQ Lesson - MenthorQ Academy
  [49] Gamma Levels Lesson - MenthorQ Academy
  [50] Blind Spots Levels Lesson - MenthorQ Academy
  [51] Swing Trading Models Lesson - MenthorQ Academy
  [52] Q-Score Lesson - MenthorQ Academy
  [53] Volatility Models (Skew, Term Structure, Smile, VRP) Le
  [54] Crypto Models Lesson - MenthorQ Academy
  [55] QUIN - MenthorQ Quant Engine Lesson - MenthorQ Academy
  [56] Get Started in less than 30 minutes Lesson - MenthorQ A
  [57] Building a Trading Routine Lesson - MenthorQ Academy
  [58] Futures Trader Lesson - MenthorQ Academy
  [59] Stocks Trader Lesson - MenthorQ Academy
  [60] Options Trader Lesson - MenthorQ Academy
  [61] SPX 0DTE Trader Lesson - MenthorQ Academy
  [62] Swing / Position Trader Lesson - MenthorQ Academy
  [63] MenthorQ Links and Guides Lesson - MenthorQ Academy
  [64] How to connect your TradingView Account Lesson - Mentho
  [65] MenthorQ Gamma Levels Indicator Lesson - MenthorQ Acade
  [66] MenthorQ Custom Levels Lesson - MenthorQ Academy
  [67] MenthorQ Blind Spots Levels Lesson - MenthorQ Academy
  [68] MenthorQ Swing Trading Levels Lesson - MenthorQ Academy
  [69] MenthorQ Momentum Indicator Lesson - MenthorQ Academy
  [70] TradingView Scanner Lesson - MenthorQ Academy
  [71] What Levels Conversion is and why it matters Lesson - M
  [72] How to convert Levels with Ratio without the need of a 
  [73] NinjaTrader Indicator Lesson - MenthorQ Academy
  [74] Levels Conversion on NinjaTrader Lesson - MenthorQ Acad
  [75] TrendSpider Integration Lesson - MenthorQ Academy
  [76] Historical Gamma and Blind Spot Levels Lesson - Menthor
  [77] Real Time Scanning with MenthorQ Levels Lesson - Mentho
  [78] Bookmap Integration Lesson - MenthorQ Academy
  [79] Bookmap + MenthorQ Tutorial Lesson - MenthorQ Academy
  [80] Quantower Integration Lesson - MenthorQ Academy
  [81] ATAS Integration Lesson - MenthorQ Academy
  [82] MotiveWave Integration Lesson - MenthorQ Academy
  [83] Tickblaze Integration Lesson - MenthorQ Academy
  [84] MetaTrader 5 Indicator Lesson - MenthorQ Academy
  [85] Why Gamma Matters: MenthorQ Gamma Levels Lesson - Menth
  [86] How Options Affect the Futures Market Lesson - MenthorQ
  [87] Understanding Gamma Levels Lesson - MenthorQ Academy
  [88] Gamma Levels on Futures Options Lesson - MenthorQ Acade
  [89] Why Looking at Correlated Option Chains when Trading Fu
  [90] Call Resistance Level Lesson - MenthorQ Academy
  [91] Put Support Level Lesson - MenthorQ Academy
  [92] High Vol Level Lesson - MenthorQ Academy
  [93] 0DTEs Levels Lesson - MenthorQ Academy
  [94] 1 Day Expected Move Indicator Lesson - MenthorQ Academy
  [95] GEX Levels 1 to 10 Lesson - MenthorQ Academy
  [96] Intro to Intraday Gamma Models Lesson - MenthorQ Academ
  [97] Intraday vs EOD: When to Use Them Lesson - MenthorQ Aca
  [98] Trading Examples: Intraday Levels and the importance of
  [99] Common Questions when Using Gamma Levels Lesson - Menth
  [100] What is Quin? Lesson - MenthorQ Academy
  [101] Demo of Quin Lesson - MenthorQ Academy
  [102] How to find Stocks and Swing Trading Idea using our Qua
  [103] How to find options ideas using Quant Metrics in Quin L
  [104] How to analyze Volatility to find Options Opportunities
  [105] Mastering Gamma Levels with Anthony Crudele Lesson - Me
  [106] How Positioning Moves Markets with Cem Karsan, CIO of K
  [107] Quantitative Trading in the Oil Market with Ilia Boucho
  [108] Q4 Macro Update with Vincent Deluard, Director of Globa
  [109] Oil and Gold Volatility with Tracy Schuchart @chigrl Le
  [110] Tail Hedging Volatility Strategies with Kris Sidial Les
  [111] Gold and The Monetary System with Luke Gromen - Forest 
  [112] Navigating Forex and Macro with Brent Johnson, CEO of S
  [113] Quant Trading Strategies with Tharsis Souza Lesson - Me
  [114] Trading using Python with Jason Strimpel - PyQuant News
  [115] Making Sense of Tariff Chaos between US and China with 
  [116] Navigating Volatility with Jim Carroll Lesson - Menthor
  [117] Macro Week with Craig Shapiro Lesson - MenthorQ Academy
  [118] How to build a daily routine and find the Edge Lesson -
  [119] MenthorQ Gamma Levels Lesson - MenthorQ Academy
  [120] Blind Spots Levels Lesson - MenthorQ Academy

ingested 240 pages -> C:\Users\Admin\myquant\data\menthorq\knowledge
