325 candidate lesson URLs
  [1] Courses - MenthorQ (8806ch)
  [2] Gold and The Monetary System with Luke Gromen - Forest for t (3244ch)
  [3] How Positioning Moves Markets with Cem Karsan, CIO of Kai We (3104ch)
  [4] Macro Week with Craig Shapiro Lesson - MenthorQ Academy (3173ch)
  [5] Making Sense of Tariff Chaos between US and China with Larry (3310ch)
  [6] Mastering Gamma Levels with Anthony Crudele Lesson - Menthor (3265ch)
  [7] Navigating Forex and Macro with Brent Johnson, CEO of Santia (3323ch)
  [8] Navigating Volatility with Jim Carroll Lesson - MenthorQ Aca (3194ch)
  [9] Oil and Gold Volatility with Tracy Schuchart @chigrl Lesson  (3564ch)
  [10] Q4 Macro Update with Vincent Deluard, Director of Global Mac (2834ch)
  [11] Quant Trading Strategies with Tharsis Souza Lesson - Menthor (3528ch)
  [12] Quantitative Trading in the Oil Market with Ilia Bouchouev L (3305ch)
  [13] Tail Hedging Volatility Strategies with Kris Sidial Lesson - (3443ch)
  [14] Trading using Python with Jason Strimpel - PyQuant News Less (3560ch)
  [15] Bearish Strategies Lesson - MenthorQ Academy (3004ch)
  [16] Bullish Strategies Lesson - MenthorQ Academy (3564ch)
  [17] Hedging Strategies Lesson - MenthorQ Academy (2703ch)
  [18] How to Trade Credit Spreads using the MenthorQ Swing Model L (3299ch)
  [19] How to use MenthorQ Data to create Options Spreads Lesson -  (2920ch)
  [20] How to use Net DEX to trade Options Lesson - MenthorQ Academ (3258ch)
  [21] How to use Theta for Trading Options Lesson - MenthorQ Acade (3101ch)
  [22] Intro to Advanced Strategies Lesson - MenthorQ Academy (3139ch)
  [23] Market Neutral Strategies Lesson - MenthorQ Academy (3233ch)
  [24] Options Strategies during Earnings Lesson - MenthorQ Academy (3115ch)
  [25] Selling Premium on Stocks Lesson - MenthorQ Academy (3037ch)
  [26] Trading Calendar Spreads using MenthorQ Lesson - MenthorQ Ac (3382ch)
  [27] Using Net GEX and DEX to Trade Options Lesson - MenthorQ Aca (3343ch)
  [28] Basics of Trading Forex Lesson - MenthorQ Academy (3429ch)
  [29] Bitcoin Correlation Lesson - MenthorQ Academy (2642ch)
  [30] Currency Pairs Correlation Lesson - MenthorQ Academy (3155ch)
  [31] Forex Masterclass: Why Data is key to Trade Forex Lesson - M (2990ch)
  [32] How to Leverage Data to Trade Forex Lesson - MenthorQ Academ (2908ch)
  [33] New Product Release. Gamma Levels and Blind Spots on Forex L (3628ch)
  [34] The US Dollar Dominance and the Milkshake Theory Lesson - Me (3594ch)
  [35] Trading Volume in Forex and Crypto Lesson - MenthorQ Academy (2198ch)
  [36] 2 Months in - Learning Experience and Results Lesson - Menth (3356ch)
  [37] From 0 to Trader - Day 1 Lesson - MenthorQ Academy (3116ch)
  [38] From 0 to Trader - Day 2 Lesson - MenthorQ Academy (2914ch)
  [39] From 0 to Trader - Day 3 Lesson - MenthorQ Academy (2723ch)
  [40] Live Session - April 14th 2025 Lesson - MenthorQ Academy (2907ch)
  [41] Live Session - February 13th 2025 Lesson - MenthorQ Academy (3168ch)
  [42] Live Session - February 2nd 2025 Lesson - MenthorQ Academy (3328ch)
  [43] Live Session - February 6th 2025 Lesson - MenthorQ Academy (3077ch)
  [44] Live Session - May 12th 2025 Lesson - MenthorQ Academy (3150ch)
  [45] Live Session - May 19th 2025 Lesson - MenthorQ Academy (2702ch)
  [46] Live Session - May 5th 2025 Lesson - MenthorQ Academy (2715ch)
  [47] 0DTEs Levels Lesson - MenthorQ Academy (2343ch)
  [48] Common Questions when Using Gamma Levels Lesson - MenthorQ A (3112ch)
  [49] Gamma Levels on Futures Options Lesson - MenthorQ Academy (3424ch)
  [50] How Options Affect the Futures Market Lesson - MenthorQ Acad (3645ch)
  [51] Trading Examples: Intraday Levels and the importance of Flow (2549ch)
  [52] Intraday vs EOD: When to Use Them Lesson - MenthorQ Academy (1882ch)
  [53] Intro to Intraday Gamma Models Lesson - MenthorQ Academy (3248ch)
  [54] Why Gamma Matters: MenthorQ Gamma Levels Lesson - MenthorQ A (3369ch)
  [55] GEX Levels 1 to 10 Lesson - MenthorQ Academy (2772ch)
  [56] 1 Day Expected Move Indicator Lesson - MenthorQ Academy (2714ch)
  [57] Call Resistance Level Lesson - MenthorQ Academy (3005ch)
  [58] High Vol Level Lesson - MenthorQ Academy (3048ch)
  [59] Put Support Level Lesson - MenthorQ Academy (2688ch)
  [60] Understanding Gamma Levels Lesson - MenthorQ Academy (3431ch)
  [61] Why Looking at Correlated Option Chains when Trading Futures (3197ch)
  [62] Blind Spots Levels Lesson - MenthorQ Academy (3069ch)
  [63] Building a Trading Routine Lesson - MenthorQ Academy (3481ch)
  [64] Crypto Models Lesson - MenthorQ Academy (3295ch)
  [65] Futures Trader Lesson - MenthorQ Academy (2997ch)
  [66] Gamma Levels Lesson - MenthorQ Academy (3224ch)
  [67] Get Started in less than 30 minutes Lesson - MenthorQ Academ (3150ch)
  [68] Account Setup Lesson - MenthorQ Academy (2883ch)
  [69] How to use MenthorQ Lesson - MenthorQ Academy (3091ch)
  [70] Trading Integrations Lesson - MenthorQ Academy (3022ch)
  [71] MenthorQ Links and Guides Lesson - MenthorQ Academy (1394ch)
  [72] Trading Dashboard Demo Lesson - MenthorQ Academy (3349ch)
  [73] Options Trader Lesson - MenthorQ Academy (3341ch)
  [74] Q-Score Lesson - MenthorQ Academy (3430ch)
  [75] QUIN - MenthorQ Quant Engine Lesson - MenthorQ Academy (3220ch)
  [76] SPX 0DTE Trader Lesson - MenthorQ Academy (3182ch)
  [77] Stocks Trader Lesson - MenthorQ Academy (3365ch)
  [78] Swing / Position Trader Lesson - MenthorQ Academy (3382ch)
  [79] Swing Trading Models Lesson - MenthorQ Academy (3521ch)
  [80] Volatility Models (Skew, Term Structure, Smile, VRP) Lesson  (3621ch)
  [81] How to create a Trading Roadmap and an A+ Setup Lesson - Men (3185ch)
  [82] How to prepare your Trading Plan by looking at the VIX Lesso (2568ch)
  [83] How to use Stop Loss and Take Profit Targets Lesson - Mentho (3853ch)
  [84] Morning Routine and Market Analysis Lesson - MenthorQ Academ (3295ch)
  [85] Pre-Market Preparation and set up Lesson - MenthorQ Academy (3010ch)
  [86] Timing and Location. How to create a set up Lesson - Menthor (2121ch)
  [87] Gold Playbook. How to create a Roadmap on GC Lesson - Mentho (2961ch)
  [88] How to use Options Levels to Trade Crude Oil Lesson - Mentho (3418ch)
  [89] Trading Commodities and Futures using Gamma Levels Lesson -  (3271ch)
  [90] Trading GC during European Session Lesson - MenthorQ Academy (3003ch)
  [91] Buy Cheap Volatility - Sell Expensive Volatility Lesson - Me (3402ch)
  [92] Basics of Options Trading using Data Lesson - MenthorQ Acade (3448ch)
  [93] Checklist for Trading Volatility: IV Rank and Percentile Les (3978ch)
  [94] How to Price Options and find opportunities Lesson - Menthor (3492ch)
  [95] How to read Term Structure to be Options Buyers Lesson - Men (2941ch)
  [96] How to trade Stocks using Volatility Lesson - MenthorQ Acade (3667ch)
  [97] How to use Term Structure to build Calendar Spreads Lesson - (2854ch)
  [98] How to use the Volatility Smile Lesson - MenthorQ Academy (3572ch)
  [99] Market Outlook by using Volatility Lesson - MenthorQ Academy (3126ch)
  [100] MenthorQ Models for Options Trading Lesson - MenthorQ Academ (4454ch)
  [101] MenthorQ Models for SPX 0DTEs Trading Lesson - MenthorQ Acad (2891ch)
  [102] Short Dated Options and Term Structure Lesson - MenthorQ Aca (3567ch)
  [103] Blind Spots for Futures Lesson - MenthorQ Academy (2255ch)
  [104] Blind Spots Levels for Forex Lesson - MenthorQ Academy (3059ch)
  [105] Blind Spots Levels for Stocks Lesson - MenthorQ Academy (2360ch)
  [106] Create your A+ Set up and Roadmap with Blind Spots Lesson -  (2974ch)
  [107] How to plan your Roadmap using Blind Spots Levels Lesson - M (3176ch)
  [108] How to use Blind Spots Levels Lesson - MenthorQ Academy (3297ch)
  [109] What are Blind Spots Levels? Lesson - MenthorQ Academy (3212ch)
  [110] Create Baskets of Stocks using the Options Screeners Lesson  (3297ch)
  [111] Crypto Quant Models Lesson - MenthorQ Academy (3339ch)
  [112] How to build a daily routine and find the Edge Lesson - Ment (3222ch)
  [113] How to use Gamma Levels on Bitcoin Lesson - MenthorQ Academy (2541ch)
  [114] How to use MenthorQ during Earnings Lesson - MenthorQ Academ (3331ch)
  [115] How to use MenthorQ Options Screeners Lesson - MenthorQ Acad (3375ch)
  [116] How to use Term Structure and SKEW Lesson - MenthorQ Academy (3061ch)
  [117] Net DEX (Delta Exposure) Lesson - MenthorQ Academy (2806ch)
  [118] How to use the SKEW Model Lesson - MenthorQ Academy (2798ch)
  [119] Blind Spots Levels Lesson - MenthorQ Academy (3205ch)
  [120] MenthorQ Gamma Levels Lesson - MenthorQ Academy (3297ch)
  [121] MenthorQ Swing Trading Model Lesson - MenthorQ Academy (3532ch)
  [122] Q-Score Screeners Lesson - MenthorQ Academy (3367ch)
  [123] Q-Score Lesson - MenthorQ Academy (3045ch)
  [124] Volatility Models Lesson - MenthorQ Academy (3533ch)
  [125] Average True Range (ATR) Lesson - MenthorQ Academy (3052ch)
  [126] Bollinger Bands Lesson - MenthorQ Academy (3250ch)
  [127] Candlestick Patterns Lesson - MenthorQ Academy (3654ch)
  [128] Continuations Patterns Lesson - MenthorQ Academy (3491ch)
  [129] Fibonacci Retracements Lesson - MenthorQ Academy (3356ch)
  [130] Intro to Chart Patterns Lesson - MenthorQ Academy (3011ch)
  [131] Intro to Indicators Lesson - MenthorQ Academy (2780ch)
  [132] MACD (Moving Average Convergence Divergence) Lesson - Mentho (3096ch)
  [133] Moving Averages Lesson - MenthorQ Academy (3528ch)
  [134] Relative Strength Index (RSI) Lesson - MenthorQ Academy (3069ch)
  [135] Reversal Patterns Lesson - MenthorQ Academy (3198ch)
  [136] Volume and Volume Profile Lesson - MenthorQ Academy (3296ch)
  [137] VWAP (Volume Weighted Average Price) Lesson - MenthorQ Acade (2759ch)
  [138] Market Prep - Day After Election - Live Lesson - MenthorQ Ac (2398ch)
  [139] Market Prep - Day Before Elections - Live Lesson - MenthorQ  (3016ch)
  [140] Market Prep - Election Night - Live Lesson - MenthorQ Academ (3175ch)
  [141] Trading Recap Lesson - MenthorQ Academy (3186ch)
  [142] Trading Session - Day After Election - Live Lesson - Menthor (2801ch)
  [143] Trading Session - Election Night - Live Lesson - MenthorQ Ac (2568ch)
  [144] Trading Session - FOMC - Live Lesson - MenthorQ Academy (2671ch)
  [145] Delta Hedging Lesson - MenthorQ Academy (2955ch)
  [146] Liquidity Lesson - MenthorQ Academy (3102ch)
  [147] Market Makers Lesson - MenthorQ Academy (3528ch)
  [148] Gamma Levels on Futures Options with Menthor Q CEO Fabio Les (3262ch)
  [149] Intraday Gamma Models Presentation Lesson - MenthorQ Academy (3241ch)
  [150] July Product Launch: New Models and New Integrations Lesson  (3060ch)
  [151] Live Session with Methor Q users Lesson - MenthorQ Academy (3419ch)
  [152] March 2025 Product Launch - New Dashboard Lesson - MenthorQ  (3411ch)
  [153] Mastering Gamma Levels to trade Futures with Anthony Crudele (3003ch)
  [154] May 2025 Product Launch - Key Levels on Forex Lesson - Menth (3777ch)
  [155] MenthorQ + TrendSpider Official Launch Lesson - MenthorQ Aca (3496ch)
  [156] Trading Gamma Levels on Futures Lesson - MenthorQ Academy (3308ch)
  [157] How to use Swing Trading Models in the Dashboard Lesson - Me (2729ch)
  [158] TradingView Swing Trading Indicator Lesson - MenthorQ Academ (3237ch)
  [159] MenthorQ Swing Trading Model Lesson - MenthorQ Academy (3264ch)
  [160] Swing Levels after FOMC Lesson - MenthorQ Academy (3059ch)

160 lesson pages -> C:\Users\Admin\myquant\data\menthorq\knowledge\lessons
