Error 200, reqId 17: No security definition has been found for the request, contract: Option(symbol='SPX', lastTradeDateOrContractMonth='20260728', strike=7315.0, right='P', exchange='SMART', tradingClass='SPXW')
Error 200, reqId 18: No security definition has been found for the request, contract: Option(symbol='SPX', lastTradeDateOrContractMonth='20260728', strike=7295.0, right='P', exchange='SMART', tradingClass='SPXW')
Error 200, reqId 21: No security definition has been found for the request, contract: Option(symbol='SPX', lastTradeDateOrContractMonth='20260728', strike=7235.0, right='P', exchange='SMART', tradingClass='SPXW')
Error 200, reqId 22: No security definition has been found for the request, contract: Option(symbol='SPX', lastTradeDateOrContractMonth='20260728', strike=7215.0, right='P', exchange='SMART', tradingClass='SPXW')
Error 200, reqId 20: No security definition has been found for the request, contract: Option(symbol='SPX', lastTradeDateOrContractMonth='20260728', strike=7255.0, right='P', exchange='SMART', tradingClass='SPXW')
Error 200, reqId 26: No security definition has been found for the request, contract: Option(symbol='SPX', lastTradeDateOrContractMonth='20260728', strike=7135.0, right='P', exchange='SMART', tradingClass='SPXW')
Error 200, reqId 23: No security definition has been found for the request, contract: Option(symbol='SPX', lastTradeDateOrContractMonth='20260728', strike=7195.0, right='P', exchange='SMART', tradingClass='SPXW')
Error 200, reqId 25: No security definition has been found for the request, contract: Option(symbol='SPX', lastTradeDateOrContractMonth='20260728', strike=7155.0, right='P', exchange='SMART', tradingClass='SPXW')
Error 200, reqId 27: No security definition has been found for the request, contract: Option(symbol='SPX', lastTradeDateOrContractMonth='20260728', strike=7115.0, right='P', exchange='SMART', tradingClass='SPXW')
Error 200, reqId 28: No security definition has been found for the request, contract: Option(symbol='SPX', lastTradeDateOrContractMonth='20260728', strike=7095.0, right='P', exchange='SMART', tradingClass='SPXW')
Error 200, reqId 30: No security definition has been found for the request, contract: Option(symbol='SPX', lastTradeDateOrContractMonth='20260728', strike=7055.0, right='P', exchange='SMART', tradingClass='SPXW')
Error 200, reqId 32: No security definition has been found for the request, contract: Option(symbol='SPX', lastTradeDateOrContractMonth='20260728', strike=7015.0, right='P', exchange='SMART', tradingClass='SPXW')
Error 200, reqId 31: No security definition has been found for the request, contract: Option(symbol='SPX', lastTradeDateOrContractMonth='20260728', strike=7035.0, right='P', exchange='SMART', tradingClass='SPXW')
Unknown contract: Option(symbol='SPX', lastTradeDateOrContractMonth='20260728', strike=7315.0, right='P', exchange='SMART', tradingClass='SPXW')
Unknown contract: Option(symbol='SPX', lastTradeDateOrContractMonth='20260728', strike=7295.0, right='P', exchange='SMART', tradingClass='SPXW')
Unknown contract: Option(symbol='SPX', lastTradeDateOrContractMonth='20260728', strike=7255.0, right='P', exchange='SMART', tradingClass='SPXW')
Unknown contract: Option(symbol='SPX', lastTradeDateOrContractMonth='20260728', strike=7235.0, right='P', exchange='SMART', tradingClass='SPXW')
Unknown contract: Option(symbol='SPX', lastTradeDateOrContractMonth='20260728', strike=7215.0, right='P', exchange='SMART', tradingClass='SPXW')
Unknown contract: Option(symbol='SPX', lastTradeDateOrContractMonth='20260728', strike=7195.0, right='P', exchange='SMART', tradingClass='SPXW')
Unknown contract: Option(symbol='SPX', lastTradeDateOrContractMonth='20260728', strike=7155.0, right='P', exchange='SMART', tradingClass='SPXW')
Unknown contract: Option(symbol='SPX', lastTradeDateOrContractMonth='20260728', strike=7135.0, right='P', exchange='SMART', tradingClass='SPXW')
Unknown contract: Option(symbol='SPX', lastTradeDateOrContractMonth='20260728', strike=7115.0, right='P', exchange='SMART', tradingClass='SPXW')
Unknown contract: Option(symbol='SPX', lastTradeDateOrContractMonth='20260728', strike=7095.0, right='P', exchange='SMART', tradingClass='SPXW')
Unknown contract: Option(symbol='SPX', lastTradeDateOrContractMonth='20260728', strike=7055.0, right='P', exchange='SMART', tradingClass='SPXW')
Unknown contract: Option(symbol='SPX', lastTradeDateOrContractMonth='20260728', strike=7035.0, right='P', exchange='SMART', tradingClass='SPXW')
Unknown contract: Option(symbol='SPX', lastTradeDateOrContractMonth='20260728', strike=7015.0, right='P', exchange='SMART', tradingClass='SPXW')
Error 10090, reqId 33: Part of requested market data is not subscribed. Subscription-independent ticks are still active.Delayed market data is available.SPX S&P 500 Stock Index/TOP/ALL, contract: Option(conId=899493387, symbol='SPX', lastTradeDateOrContractMonth='20260728', strike=7535.0, right='P', multiplier='100', exchange='SMART', currency='USD', localSymbol='SPXW  260728P07535000', tradingClass='SPXW')
Error 10090, reqId 34: Part of requested market data is not subscribed. Subscription-independent ticks are still active.Delayed market data is available.SPX S&P 500 Stock Index/TOP/ALL, contract: Option(conId=899493368, symbol='SPX', lastTradeDateOrContractMonth='20260728', strike=7515.0, right='P', multiplier='100', exchange='SMART', currency='USD', localSymbol='SPXW  260728P07515000', tradingClass='SPXW')
Error 10090, reqId 35: Part of requested market data is not subscribed. Subscription-independent ticks are still active.Delayed market data is available.SPX S&P 500 Stock Index/TOP/ALL, contract: Option(conId=899493316, symbol='SPX', lastTradeDateOrContractMonth='20260728', strike=7495.0, right='P', multiplier='100', exchange='SMART', currency='USD', localSymbol='SPXW  260728P07495000', tradingClass='SPXW')
Error 10090, reqId 36: Part of requested market data is not subscribed. Subscription-independent ticks are still active.Delayed market data is available.SPX S&P 500 Stock Index/TOP/ALL, contract: Option(conId=893977077, symbol='SPX', lastTradeDateOrContractMonth='20260728', strike=7475.0, right='P', multiplier='100', exchange='SMART', currency='USD', localSymbol='SPXW  260728P07475000', tradingClass='SPXW')
Error 10090, reqId 37: Part of requested market data is not subscribed. Subscription-independent ticks are still active.Delayed market data is available.SPX S&P 500 Stock Index/TOP/ALL, contract: Option(conId=899493247, symbol='SPX', lastTradeDateOrContractMonth='20260728', strike=7455.0, right='P', multiplier='100', exchange='SMART', currency='USD', localSymbol='SPXW  260728P07455000', tradingClass='SPXW')
Error 10090, reqId 38: Part of requested market data is not subscribed. Subscription-independent ticks are still active.Delayed market data is available.SPX S&P 500 Stock Index/TOP/ALL, contract: Option(conId=899493196, symbol='SPX', lastTradeDateOrContractMonth='20260728', strike=7435.0, right='P', multiplier='100', exchange='SMART', currency='USD', localSymbol='SPXW  260728P07435000', tradingClass='SPXW')
Error 10090, reqId 39: Part of requested market data is not subscribed. Subscription-independent ticks are still active.Delayed market data is available.SPX S&P 500 Stock Index/TOP/ALL, contract: Option(conId=899493169, symbol='SPX', lastTradeDateOrContractMonth='20260728', strike=7415.0, right='P', multiplier='100', exchange='SMART', currency='USD', localSymbol='SPXW  260728P07415000', tradingClass='SPXW')
Error 10090, reqId 40: Part of requested market data is not subscribed. Subscription-independent ticks are still active.Delayed market data is available.SPX S&P 500 Stock Index/TOP/ALL, contract: Option(conId=899493127, symbol='SPX', lastTradeDateOrContractMonth='20260728', strike=7395.0, right='P', multiplier='100', exchange='SMART', currency='USD', localSymbol='SPXW  260728P07395000', tradingClass='SPXW')
Error 10090, reqId 41: Part of requested market data is not subscribed. Subscription-independent ticks are still active.Delayed market data is available.SPX S&P 500 Stock Index/TOP/ALL, contract: Option(conId=893977009, symbol='SPX', lastTradeDateOrContractMonth='20260728', strike=7375.0, right='P', multiplier='100', exchange='SMART', currency='USD', localSymbol='SPXW  260728P07375000', tradingClass='SPXW')
Error 10090, reqId 42: Part of requested market data is not subscribed. Subscription-independent ticks are still active.Delayed market data is available.SPX S&P 500 Stock Index/TOP/ALL, contract: Option(conId=899493048, symbol='SPX', lastTradeDateOrContractMonth='20260728', strike=7355.0, right='P', multiplier='100', exchange='SMART', currency='USD', localSymbol='SPXW  260728P07355000', tradingClass='SPXW')
Error 10090, reqId 43: Part of requested market data is not subscribed. Subscription-independent ticks are still active.Delayed market data is available.SPX S&P 500 Stock Index/TOP/ALL, contract: Option(conId=899950735, symbol='SPX', lastTradeDateOrContractMonth='20260728', strike=7335.0, right='P', multiplier='100', exchange='SMART', currency='USD', localSymbol='SPXW  260728P07335000', tradingClass='SPXW')
Error 10090, reqId 44: Part of requested market data is not subscribed. Subscription-independent ticks are still active.Delayed market data is available.SPX S&P 500 Stock Index/TOP/ALL, contract: Option(conId=893976946, symbol='SPX', lastTradeDateOrContractMonth='20260728', strike=7275.0, right='P', multiplier='100', exchange='SMART', currency='USD', localSymbol='SPXW  260728P07275000', tradingClass='SPXW')
Error 10090, reqId 45: Part of requested market data is not subscribed. Subscription-independent ticks are still active.Delayed market data is available.SPX S&P 500 Stock Index/TOP/ALL, contract: Option(conId=893976871, symbol='SPX', lastTradeDateOrContractMonth='20260728', strike=7175.0, right='P', multiplier='100', exchange='SMART', currency='USD', localSymbol='SPXW  260728P07175000', tradingClass='SPXW')
Error 10090, reqId 46: Part of requested market data is not subscribed. Subscription-independent ticks are still active.Delayed market data is available.SPX S&P 500 Stock Index/TOP/ALL, contract: Option(conId=893976793, symbol='SPX', lastTradeDateOrContractMonth='20260728', strike=7075.0, right='P', multiplier='100', exchange='SMART', currency='USD', localSymbol='SPXW  260728P07075000', tradingClass='SPXW')
Error 10090, reqId 53: Part of requested market data is not subscribed. Subscription-independent ticks are still active.Delayed market data is available.SPX S&P 500 Stock Index/TOP/ALL, contract: Option(conId=897603613, symbol='SPX', lastTradeDateOrContractMonth='20260714', strike=7535.0, right='C', multiplier='100', exchange='SMART', currency='USD', localSymbol='SPXW  260714C07535000', tradingClass='SPXW')
Error 10090, reqId 54: Part of requested market data is not subscribed. Subscription-independent ticks are still active.Delayed market data is available.SPX S&P 500 Stock Index/TOP/ALL, contract: Option(conId=897604022, symbol='SPX', lastTradeDateOrContractMonth='20260714', strike=7535.0, right='P', multiplier='100', exchange='SMART', currency='USD', localSymbol='SPXW  260714P07535000', tradingClass='SPXW')
Error 10090, reqId 55: Part of requested market data is not subscribed. Subscription-independent ticks are still active.Delayed market data is available.SPX S&P 500 Stock Index/TOP/ALL, contract: Option(conId=892679110, symbol='SPX', lastTradeDateOrContractMonth='20260714', strike=7540.0, right='C', multiplier='100', exchange='SMART', currency='USD', localSymbol='SPXW  260714C07540000', tradingClass='SPXW')
Error 10090, reqId 56: Part of requested market data is not subscribed. Subscription-independent ticks are still active.Delayed market data is available.SPX S&P 500 Stock Index/TOP/ALL, contract: Option(conId=892679398, symbol='SPX', lastTradeDateOrContractMonth='20260714', strike=7540.0, right='P', multiplier='100', exchange='SMART', currency='USD', localSymbol='SPXW  260714P07540000', tradingClass='SPXW')
Error 10090, reqId 57: Part of requested market data is not subscribed. Subscription-independent ticks are still active.Delayed market data is available.SPX S&P 500 Stock Index/TOP/ALL, contract: Option(conId=892679092, symbol='SPX', lastTradeDateOrContractMonth='20260714', strike=7530.0, right='C', multiplier='100', exchange='SMART', currency='USD', localSymbol='SPXW  260714C07530000', tradingClass='SPXW')
Error 10090, reqId 58: Part of requested market data is not subscribed. Subscription-independent ticks are still active.Delayed market data is available.SPX S&P 500 Stock Index/TOP/ALL, contract: Option(conId=892679376, symbol='SPX', lastTradeDateOrContractMonth='20260714', strike=7530.0, right='P', multiplier='100', exchange='SMART', currency='USD', localSymbol='SPXW  260714P07530000', tradingClass='SPXW')
Error 10090, reqId 60: Part of requested market data is not subscribed. Subscription-independent ticks are still active.Delayed market data is available.SPX S&P 500 Stock Index/TOP/ALL, contract: Option(conId=899493101, symbol='SPX', lastTradeDateOrContractMonth='20260728', strike=7385.0, right='P', multiplier='100', exchange='SMART', currency='USD', localSymbol='SPXW  260728P07385000', tradingClass='SPXW')
SPX daily refreshed from Yahoo: 500 rows, last 2026-07-13
IB connected 127.0.0.1:4002 (PAPER)  accounts=['DUQ159823']  serverVersion=178
delayed SPX ~ 7536.71
chain SPXW@SMART, expiry 20260728 (14 DTE)
streaming 14 puts + spot rig (0DTE 20260714), waiting for OPRA...
OPRA check: 14/14 strikes quoting, parity spot = 7539.7
sampling until 15:59 ET (364 min)...

=== 2026-07-14 15:59 ET DECISION ===
spot 7547.57  K8 79.54  SMA100 7131.02  SMA5 7532.93
ENTRY fire: False   EXIT signal: True   open trades: 1
tags: {'vix': 17.15999984741211, 'vix_rank': 0.5, 'er10': 0.29, 'dow': 'Tue'}
  EXECUTED exit_bps_stmr_20260714_1030 @ 15:59:08: net -8.40 (mid -8.00)
CLOSED bps_stmr_20260714_1030: pnl $+155

1 closed (0 open)  win 100%  PF inf  total $+155  avg $+155
wrote C:\Users\Admin\myquant\data\options_sim\report.html
