[1/32] MenthorQ Onboarding Course - MenthorQ Academy
[2/32] Trading Integrations Course - MenthorQ Academy
[3/32] Gamma Levels Course - MenthorQ Academy
[4/32] QUIN AI - MenthorQ Quant Engine Course - MenthorQ Academy
[5/32] MenthorQ: Find the Edge - Guest Series Course - MenthorQ Aca
[6/32] How to use MenthorQ Models Course - MenthorQ Academy
[7/32] Swing Trading Model Course - MenthorQ Academy
[8/32] Blind Spots Levels Course - MenthorQ Academy
[9/32] Trading with MenthorQ Course - MenthorQ Academy
[10/32] How to Trade Futures Course - MenthorQ Academy
[11/32] How to Trade Options Course - MenthorQ Academy
[12/32] How to Trade Stocks Course - MenthorQ Academy
[13/32] How to Trade Crude Oil and Gold Course - MenthorQ Academy
[14/32] How to Trade Forex Course - MenthorQ Academy
[15/32] How to Trade Crypto Course - MenthorQ Academy
[16/32] Live Trading Sessions: Futures Trading Course - MenthorQ Aca
[17/32] Live Trading During the 2024 U.S. Presidential Election Cour
[18/32] From 0 to Trader Course - MenthorQ Academy
[19/32] Technical Analysis Course - MenthorQ Academy
[20/32] Technical Indicators and Chart Patterns Course - MenthorQ Ac
[21/32] Trading Strategies using Technical Analysis Course - Menthor
[22/32] How to set up your Trading Plan Course - MenthorQ Academy
[23/32] Trading Psychology and Risk Management Course - MenthorQ Aca
[24/32] The Derivatives Market Course - MenthorQ Academy
[25/32] Market Makers and Liquidity Course - MenthorQ Academy
[26/32] Options Greeks Course - MenthorQ Academy
[27/32] Term Structure, SKEW and Tail Risk Course - MenthorQ Academy
[28/32] Advanced Strategies with Options Course - MenthorQ Academy
[29/32] Systematic Strategies and CTAs Course - MenthorQ Academy
[30/32] Weekly Macro Update Course - MenthorQ Academy
[31/32] Product Training Course - MenthorQ Academy
[32/32] MenthorQ Product Releases Course - MenthorQ Academy
done: 32 pages -> c:\Users\Admin\myquant\data\menthorq\academy
